

2022-06-06 20:16:39 [log] *---------------------------------------*
2022-06-06 20:16:39 [log] |           NEW LOCALIZATION            |
2022-06-06 20:16:39 [log] *---------------------------------------*
2022-06-06 20:16:39 [log] | Picklist content
2022-06-06 20:16:39 [log] |  P RECH a.k.a. OMQZ 10:20:50.59
2022-06-06 20:16:39 [log] |  P RERE a.k.a. ZJIX 10:20:52.51
2022-06-06 20:16:39 [log] |  P STG4 a.k.a. LSJM 10:20:53.04
2022-06-06 20:16:39 [log] |  P SUCU a.k.a. JYMN 10:20:52.46
2022-06-06 20:16:39 [log] *---------------------------------------*
2022-06-06 20:16:39 [log] | ITERATION 0 with ZTR fixed at 5.km


2022-06-06 20:18:19 [log] *---------------------------------------*
2022-06-06 20:18:19 [log] |           NEW LOCALIZATION            |
2022-06-06 20:18:19 [log] *---------------------------------------*
2022-06-06 20:18:19 [log] | Picklist content
2022-06-06 20:18:19 [log] |  P RECH a.k.a. CMEW 10:20:50.59
2022-06-06 20:18:19 [log] |  P RERE a.k.a. PKXQ 10:20:52.51
2022-06-06 20:18:19 [log] |  P STG4 a.k.a. WPXZ 10:20:53.04
2022-06-06 20:18:19 [log] |  P SUCU a.k.a. RVON 10:20:52.46
2022-06-06 20:18:19 [log] *---------------------------------------*
2022-06-06 20:18:19 [log] | ITERATION 0 with ZTR fixed at 5.km


2022-06-06 20:19:06 [log] *---------------------------------------*
2022-06-06 20:19:06 [log] |           NEW LOCALIZATION            |
2022-06-06 20:19:06 [log] *---------------------------------------*
2022-06-06 20:19:06 [log] | Picklist content
2022-06-06 20:19:06 [log] |  P RECH a.k.a. ZTUN 10:20:50.59
2022-06-06 20:19:06 [log] |  P RERE a.k.a. HAQG 10:20:52.51
2022-06-06 20:19:06 [log] |  P STG4 a.k.a. QDOX 10:20:53.04
2022-06-06 20:19:06 [log] |  P SUCU a.k.a. RYHJ 10:20:52.46
2022-06-06 20:19:06 [log] *---------------------------------------*
2022-06-06 20:19:06 [log] | ITERATION 0 with ZTR fixed at 5.km
2022-06-06 20:19:06 [log] |  RMS: 0.60        LAT: 13.9485
2022-06-06 20:19:06 [log] |  ERH:             LON: -91.49816667
2022-06-06 20:19:06 [log] |  ERZ:           DEPTH: 5.00km
2022-06-06 20:19:06 [log] |   ER: 0
2022-06-06 20:19:06 [log] |  ZTR set to 5.00km
2022-06-06 20:19:06 [log] *---------------------------------------*
2022-06-06 20:19:06 [log] |           ITERATIONS RESULTS          |
2022-06-06 20:19:06 [log] *---------------------------------------*
2022-06-06 20:19:06 [log] | MIN RMS VALUE: 0.6
2022-06-06 20:19:06 [log] |  MIN ER VALUE: 0
2022-06-06 20:19:06 [log] |  ZTR TO APPLY: 005.
2022-06-06 20:19:06 [log] *---------------------------------------*
2022-06-06 20:19:06 [log] |           FINAL RUN RESULTS           |
2022-06-06 20:19:06 [log] *---------------------------------------*
2022-06-06 20:19:06 [log] |       DATE: 22-06-05
2022-06-06 20:19:06 [log] |       TIME: 10:20:40.02
2022-06-06 20:19:06 [log] |   LATITUDE: 13.9485
2022-06-06 20:19:06 [log] |  LONGITUDE: -91.49816667
2022-06-06 20:19:06 [log] |      DEPTH: 5.00
2022-06-06 20:19:06 [log] |        RMS: 0.60
2022-06-06 20:19:06 [log] |    AZ. GAP: 316
2022-06-06 20:19:06 [log] |        ERH: 
2022-06-06 20:19:06 [log] |        ERZ: 
2022-06-06 20:19:06 [log] *---------------------------------------*


2022-06-06 20:19:39 [log] *---------------------------------------*
2022-06-06 20:19:39 [log] |           NEW LOCALIZATION            |
2022-06-06 20:19:39 [log] *---------------------------------------*
2022-06-06 20:19:39 [log] | Picklist content
2022-06-06 20:19:39 [log] |  P RECH a.k.a. CDYO 10:20:50.59
2022-06-06 20:19:39 [log] |  P RERE a.k.a. APVZ 10:20:52.51
2022-06-06 20:19:39 [log] |  P STG4 a.k.a. QKIX 10:20:53.04
2022-06-06 20:19:39 [log] |  P SUCU a.k.a. ONUT 10:20:52.46
2022-06-06 20:19:39 [log] *---------------------------------------*
2022-06-06 20:19:39 [log] | ITERATION 0 with ZTR fixed at 5.km
2022-06-06 20:19:39 [log] |  RMS: 0.60        LAT: 13.9485
2022-06-06 20:19:39 [log] |  ERH:             LON: -91.49816667
2022-06-06 20:19:39 [log] |  ERZ:           DEPTH: 5.00km
2022-06-06 20:19:39 [log] |   ER: 0
2022-06-06 20:19:39 [log] |  ZTR set to 5.00km
2022-06-06 20:19:39 [log] *---------------------------------------*
2022-06-06 20:19:39 [log] |           ITERATIONS RESULTS          |
2022-06-06 20:19:39 [log] *---------------------------------------*
2022-06-06 20:19:39 [log] | MIN RMS VALUE: 0.6
2022-06-06 20:19:39 [log] |  MIN ER VALUE: 0
2022-06-06 20:19:39 [log] |  ZTR TO APPLY: 005.
2022-06-06 20:19:39 [log] *---------------------------------------*
2022-06-06 20:19:39 [log] |           FINAL RUN RESULTS           |
2022-06-06 20:19:39 [log] *---------------------------------------*
2022-06-06 20:19:39 [log] |       DATE: 22-06-05
2022-06-06 20:19:39 [log] |       TIME: 10:20:40.02
2022-06-06 20:19:39 [log] |   LATITUDE: 13.9485
2022-06-06 20:19:39 [log] |  LONGITUDE: -91.49816667
2022-06-06 20:19:39 [log] |      DEPTH: 5.00
2022-06-06 20:19:39 [log] |        RMS: 0.60
2022-06-06 20:19:39 [log] |    AZ. GAP: 316
2022-06-06 20:19:39 [log] |        ERH: 
2022-06-06 20:19:39 [log] |        ERZ: 
2022-06-06 20:19:39 [log] *---------------------------------------*


2022-06-28 16:07:21 [log] *---------------------------------------*
2022-06-28 16:07:21 [log] |           NEW LOCALIZATION            |
2022-06-28 16:07:21 [log] *---------------------------------------*
2022-06-28 16:07:21 [log] | Picklist content
2022-06-28 16:07:21 [log] |  P FG16 a.k.a. YPDU 07:05:26.3
2022-06-28 16:07:21 [log] |  P CMSM a.k.a. VVMN 07:05:26.74
2022-06-28 16:07:21 [log] |  P FG8 a.k.a. CXJO 07:05:26.343
2022-06-28 16:07:21 [log] |  P FG12 a.k.a. RFLM 07:05:26.22
2022-06-28 16:07:21 [log] |  P FG0 a.k.a. KTSB 07:05:26.02
2022-06-28 16:07:21 [log] |  P ESES a.k.a. AZQC 07:05:25.96
2022-06-28 16:07:21 [log] |  P GUMI a.k.a. CUXK 07:05:27.01
2022-06-28 16:07:21 [log] |  P QCJY a.k.a. RQVR 07:05:29.62
2022-06-28 16:07:21 [log] |  P GUVC a.k.a. IZMD 07:05:27.05
2022-06-28 16:07:21 [log] |  P PCG4 a.k.a. WYSA 07:05:26.66
2022-06-28 16:07:21 [log] |  P GUJV a.k.a. XBOQ 07:05:27.29
2022-06-28 16:07:21 [log] |  P ESTQ a.k.a. HACT 07:05:27.48
2022-06-28 16:07:21 [log] |  P GUSP a.k.a. VWVX 07:05:27.82
2022-06-28 16:07:21 [log] |  P SUCU a.k.a. YLZC 07:05:27.52
2022-06-28 16:07:21 [log] |  P ESSJ a.k.a. GYMZ 07:05:28.15
2022-06-28 16:07:21 [log] |  P RERE a.k.a. RJRZ 07:05:28.42
2022-06-28 16:07:21 [log] |  P SROR a.k.a. IFEG 07:05:28.63
2022-06-28 16:07:21 [log] |  P QCCJ a.k.a. DXHD 07:05:29.61
2022-06-28 16:07:21 [log] |  P JAMO a.k.a. AXTH 07:05:30.12
2022-06-28 16:07:21 [log] |  P SMCA a.k.a. ZYDW 07:05:30.71
2022-06-28 16:07:21 [log] |  P HUCU a.k.a. WYVU 07:05:32.24
2022-06-28 16:07:21 [log] |  P LOAL a.k.a. LWWR 07:05:31.75
2022-06-28 16:07:21 [log] |  P RBDL a.k.a. VKTO 07:05:32.02
2022-06-28 16:07:21 [log] |  P NUBE a.k.a. UMPE 07:05:32.12
2022-06-28 16:07:21 [log] |  P ZAES a.k.a. RTNW 07:05:31.99
2022-06-28 16:07:21 [log] |  P QCIX a.k.a. SUBT 07:05:32.89
2022-06-28 16:07:21 [log] |  P CEVE a.k.a. TVCT 07:05:33.885
2022-06-28 16:07:21 [log] |  P MTO3 a.k.a. VFRR 07:05:33.83
2022-06-28 16:07:21 [log] |  P CQES a.k.a. FNMR 07:05:28.83
2022-06-28 16:07:21 [log] |  P CEDA a.k.a. JKKG 07:05:35.28
2022-06-28 16:07:21 [log] |  P JAYA a.k.a. VDUR 07:05:35.69
2022-06-28 16:07:21 [log] |  P LALI a.k.a. RJVK 07:05:37.55
2022-06-28 16:07:21 [log] |  P LLGN a.k.a. FIJX 07:05:37.91
2022-06-28 16:07:21 [log] |  P R1F53 a.k.a. EKSY 07:05:39.736999
2022-06-28 16:07:21 [log] |  P PAVA a.k.a. FVTA 07:05:39.83
2022-06-28 16:07:21 [log] |  P IZLV a.k.a. CKUI 07:05:39.53
2022-06-28 16:07:21 [log] |  P PEPO a.k.a. ZGZJ 07:05:40.37
2022-06-28 16:07:21 [log] |  P PACA a.k.a. SJPN 07:05:47.02
2022-06-28 16:07:21 [log] |  P MARCA a.k.a. PMEI 07:05:47.75
2022-06-28 16:07:21 [log] |  P REF82 a.k.a. VCTA 07:05:48.281
2022-06-28 16:07:21 [log] |  P CRIN a.k.a. MCAR 07:06:07.345
2022-06-28 16:07:21 [log] |  P STCN a.k.a. MURU 07:06:06.27
2022-06-28 16:07:21 [log] |  P SCIG a.k.a. PKWU 07:06:05.584999
2022-06-28 16:07:21 [log] |  P HUIG a.k.a. WQCW 07:06:15.563392
2022-06-28 16:07:21 [log] |  P MYIG a.k.a. YDHR 07:06:31.664998
2022-06-28 16:07:21 [log] |  P JAYA a.k.a. VDUR 07:05:35.7
2022-06-28 16:07:21 [log] *---------------------------------------*
2022-06-28 16:07:21 [log] | ITERATION 0 with ZTR fixed at 5.km
2022-06-28 16:07:21 [log] |  RMS: 0.30        LAT: 14.60716667
2022-06-28 16:07:21 [log] |  ERH: 3.3         LON: -90.88916667
2022-06-28 16:07:21 [log] |  ERZ: 6.9       DEPTH: 198.13km
2022-06-28 16:07:21 [log] |   ER: 7.64853
2022-06-28 16:07:21 [log] |  ZTR set to 198.13km
2022-06-28 16:07:21 [log] *---------------------------------------*
2022-06-28 16:07:21 [log] |           ITERATIONS RESULTS          |
2022-06-28 16:07:21 [log] *---------------------------------------*
2022-06-28 16:07:21 [log] | MIN RMS VALUE: 0.3
2022-06-28 16:07:21 [log] |  MIN ER VALUE: 7.64853
2022-06-28 16:07:21 [log] |  ZTR TO APPLY: 198.
2022-06-28 16:07:21 [log] *---------------------------------------*
2022-06-28 16:07:21 [log] |           FINAL RUN RESULTS           |
2022-06-28 16:07:21 [log] *---------------------------------------*
2022-06-28 16:07:21 [log] |       DATE: 22-06-26
2022-06-28 16:07:21 [log] |       TIME: 7:4:59.91
2022-06-28 16:07:21 [log] |   LATITUDE: 14.61016667
2022-06-28 16:07:21 [log] |  LONGITUDE: -90.89
2022-06-28 16:07:21 [log] |      DEPTH: 198.00
2022-06-28 16:07:21 [log] |        RMS: 0.30
2022-06-28 16:07:21 [log] |    AZ. GAP: 51
2022-06-28 16:07:21 [log] |        ERH: 3.3
2022-06-28 16:07:21 [log] |        ERZ: 6.9
2022-06-28 16:07:21 [log] *---------------------------------------*


2022-07-01 18:26:26 [log] *---------------------------------------*
2022-07-01 18:26:26 [log] |           NEW LOCALIZATION            |
2022-07-01 18:26:26 [log] *---------------------------------------*
2022-07-01 18:26:26 [log] | Picklist content
2022-07-01 18:26:26 [log] |  P STG7 a.k.a. HGLP 18:25:18.648915
2022-07-01 18:26:26 [log] |  P STG1 a.k.a. VNAE 18:25:18.869823
2022-07-01 18:26:26 [log] |  P STG2 a.k.a. LTVO 18:25:19.469428
2022-07-01 18:26:26 [log] |  P STG5 a.k.a. HICT 18:25:20.195266
2022-07-01 18:26:26 [log] *---------------------------------------*
2022-07-01 18:26:26 [log] | ITERATION 0 with ZTR fixed at 5.km
2022-07-01 18:26:26 [log] |  RMS: 0.02        LAT: 14.97716667
2022-07-01 18:26:26 [log] |  ERH:             LON: -91.5145
2022-07-01 18:26:26 [log] |  ERZ:           DEPTH: 5.00km
2022-07-01 18:26:26 [log] |   ER: 0
2022-07-01 18:26:26 [log] |  ZTR set to 5.00km
2022-07-01 18:26:26 [log] *---------------------------------------*
2022-07-01 18:26:26 [log] |           ITERATIONS RESULTS          |
2022-07-01 18:26:26 [log] *---------------------------------------*
2022-07-01 18:26:26 [log] | MIN RMS VALUE: 0.02
2022-07-01 18:26:26 [log] |  MIN ER VALUE: 0
2022-07-01 18:26:26 [log] |  ZTR TO APPLY: 005.
2022-07-01 18:26:26 [log] *---------------------------------------*
2022-07-01 18:26:26 [log] |           FINAL RUN RESULTS           |
2022-07-01 18:26:26 [log] *---------------------------------------*
2022-07-01 18:26:26 [log] |       DATE: 22-07-01
2022-07-01 18:26:26 [log] |       TIME: 18:25:13.55
2022-07-01 18:26:26 [log] |   LATITUDE: 14.97716667
2022-07-01 18:26:26 [log] |  LONGITUDE: -91.5145
2022-07-01 18:26:26 [log] |      DEPTH: 5.00
2022-07-01 18:26:26 [log] |        RMS: 0.02
2022-07-01 18:26:26 [log] |    AZ. GAP: 348
2022-07-01 18:26:26 [log] |        ERH: 
2022-07-01 18:26:26 [log] |        ERZ: 
2022-07-01 18:26:26 [log] *---------------------------------------*


2022-10-25 09:30:26 [log] *---------------------------------------*
2022-10-25 09:30:26 [log] |           NEW LOCALIZATION            |
2022-10-25 09:30:26 [log] *---------------------------------------*
2022-10-25 09:30:26 [log] | Picklist content
2022-10-25 09:30:26 [log] |  P IZPB a.k.a. KESB 04:24:03.14
2022-10-25 09:30:26 [log] |  P TUIA a.k.a. KIWM 04:23:57.280999
2022-10-25 09:30:26 [log] |  P TUZG a.k.a. LIWB 04:24:02.411
2022-10-25 09:30:26 [log] |  P TUZZ a.k.a. FRRZ 04:24:06.345999
2022-10-25 09:30:26 [log] |  P ZAES a.k.a. IPWA 04:24:07.58
2022-10-25 09:30:26 [log] |  P REF82 a.k.a. FUHY 04:24:09.326
2022-10-25 09:30:26 [log] |  P PEPO a.k.a. PERX 04:24:12.56
2022-10-25 09:30:26 [log] |  P LLGN a.k.a. OLBY 04:24:15.86
2022-10-25 09:30:26 [log] |  P AVCS a.k.a. RUZD 04:24:20.17
2022-10-25 09:30:26 [log] |  P TUAC a.k.a. CYPP 04:24:19.391
2022-10-25 09:30:26 [log] |  P PAVA a.k.a. IOSN 04:24:23.31
2022-10-25 09:30:26 [log] |  P CEVE a.k.a. HKPP 04:24:24.18
2022-10-25 09:30:26 [log] |  P SROR a.k.a. BLRH 04:24:22.98
2022-10-25 09:30:26 [log] |  P GUJV a.k.a. FZHU 04:24:25.12
2022-10-25 09:30:26 [log] |  P GUVC a.k.a. DYUT 04:24:25.12
2022-10-25 09:30:26 [log] |  P JAYA a.k.a. LVTE 04:24:25.47
2022-10-25 09:30:26 [log] |  P PCG4 a.k.a. RVHW 04:24:29.78
2022-10-25 09:30:26 [log] |  P QCIX a.k.a. TYLD 04:24:29.4
2022-10-25 09:30:26 [log] |  P PACA a.k.a. OGQW 04:24:28.57
2022-10-25 09:30:26 [log] |  P STG7 a.k.a. SFNT 04:24:42.885
2022-10-25 09:30:26 [log] |  P HUCU a.k.a. RFCY 04:24:47.145
2022-10-25 09:30:26 [log] |  P GUVC a.k.a. DYUT 04:24:25.16
2022-10-25 09:30:26 [log] *---------------------------------------*
2022-10-25 09:30:26 [log] | ITERATION 0 with ZTR fixed at 5.km
2022-10-25 09:30:26 [log] |  RMS: 2.79        LAT: 15.31933333
2022-10-25 09:30:26 [log] |  ERH: 12.5        LON: -88.96733333
2022-10-25 09:30:26 [log] |  ERZ: 75.3      DEPTH: 0.04km
2022-10-25 09:30:26 [log] |   ER: 76.3305
2022-10-25 09:30:26 [log] |  ZTR set to 0.04km
2022-10-25 09:30:26 [log] *---------------------------------------*
2022-10-25 09:30:26 [log] |           ITERATIONS RESULTS          |
2022-10-25 09:30:26 [log] *---------------------------------------*
2022-10-25 09:30:26 [log] | MIN RMS VALUE: 2.79
2022-10-25 09:30:26 [log] |  MIN ER VALUE: 76.3305
2022-10-25 09:30:26 [log] |  ZTR TO APPLY: 000.
2022-10-25 09:30:26 [log] *---------------------------------------*
2022-10-25 09:30:26 [log] |           FINAL RUN RESULTS           |
2022-10-25 09:30:26 [log] *---------------------------------------*
2022-10-25 09:30:26 [log] |       DATE: 22-10-25
2022-10-25 09:30:26 [log] |       TIME: 4:23:51.89
2022-10-25 09:30:26 [log] |   LATITUDE: 15.32333333
2022-10-25 09:30:26 [log] |  LONGITUDE: -88.98333333
2022-10-25 09:30:26 [log] |      DEPTH: 0.00
2022-10-25 09:30:26 [log] |        RMS: 2.79
2022-10-25 09:30:26 [log] |    AZ. GAP: 100
2022-10-25 09:30:26 [log] |        ERH: 12.5
2022-10-25 09:30:26 [log] |        ERZ: 80.1
2022-10-25 09:30:26 [log] *---------------------------------------*


2022-10-25 09:30:35 [log] *---------------------------------------*
2022-10-25 09:30:35 [log] |           NEW LOCALIZATION            |
2022-10-25 09:30:35 [log] *---------------------------------------*
2022-10-25 09:30:35 [log] | Picklist content
2022-10-25 09:30:35 [log] |  P IZPB a.k.a. GRYR 04:24:03.14
2022-10-25 09:30:35 [log] |  P TUIA a.k.a. KKJA 04:23:57.280999
2022-10-25 09:30:35 [log] |  P TUZG a.k.a. MAZZ 04:24:02.411
2022-10-25 09:30:35 [log] |  P TUZZ a.k.a. HRBM 04:24:06.345999
2022-10-25 09:30:35 [log] |  P ZAES a.k.a. UCTL 04:24:07.58
2022-10-25 09:30:35 [log] |  P REF82 a.k.a. GSCO 04:24:09.326
2022-10-25 09:30:35 [log] |  P PEPO a.k.a. YPDK 04:24:12.56
2022-10-25 09:30:35 [log] |  P LLGN a.k.a. YPVE 04:24:15.86
2022-10-25 09:30:35 [log] |  P AVCS a.k.a. GTXT 04:24:20.17
2022-10-25 09:30:35 [log] |  P TUAC a.k.a. FIVT 04:24:19.391
2022-10-25 09:30:35 [log] |  P PAVA a.k.a. LUVU 04:24:23.31
2022-10-25 09:30:35 [log] |  P CEVE a.k.a. OWGI 04:24:24.18
2022-10-25 09:30:35 [log] |  P SROR a.k.a. AAVG 04:24:22.98
2022-10-25 09:30:35 [log] |  P GUJV a.k.a. UAXS 04:24:25.12
2022-10-25 09:30:35 [log] |  P GUVC a.k.a. PACN 04:24:25.12
2022-10-25 09:30:35 [log] |  P GUVC a.k.a. PACN 04:24:25.16
2022-10-25 09:30:35 [log] |  P JAYA a.k.a. QZUY 04:24:25.47
2022-10-25 09:30:35 [log] |  P PCG4 a.k.a. URTZ 04:24:29.78
2022-10-25 09:30:35 [log] |  P QCIX a.k.a. AOUN 04:24:29.4
2022-10-25 09:30:35 [log] |  P PACA a.k.a. LPHZ 04:24:28.57
2022-10-25 09:30:35 [log] |  P STG7 a.k.a. LOJO 04:24:42.885
2022-10-25 09:30:35 [log] |  P HUCU a.k.a. QFUK 04:24:47.145
2022-10-25 09:30:35 [log] *---------------------------------------*
2022-10-25 09:30:35 [log] | ITERATION 0 with ZTR fixed at 5.km
2022-10-25 09:30:35 [log] |  RMS: 3.07        LAT: 15.29733333
2022-10-25 09:30:35 [log] |  ERH: 102.0       LON: -89.02333333
2022-10-25 09:30:35 [log] |  ERZ: *****     DEPTH: 9.79km
2022-10-25 09:30:35 [log] |   ER: 10000
2022-10-25 09:30:35 [log] |  ZTR set to 9.79km
2022-10-25 09:30:35 [log] *---------------------------------------*
2022-10-25 09:30:35 [log] |           ITERATIONS RESULTS          |
2022-10-25 09:30:35 [log] *---------------------------------------*
2022-10-25 09:30:35 [log] | MIN RMS VALUE: 3.07
2022-10-25 09:30:35 [log] |  MIN ER VALUE: 10000
2022-10-25 09:30:35 [log] |  ZTR TO APPLY: 010.
2022-10-25 09:30:35 [log] *---------------------------------------*
2022-10-25 09:30:35 [log] |           FINAL RUN RESULTS           |
2022-10-25 09:30:35 [log] *---------------------------------------*
2022-10-25 09:30:35 [log] |       DATE: 22-10-25
2022-10-25 09:30:35 [log] |       TIME: 4:23:51.79
2022-10-25 09:30:35 [log] |   LATITUDE: 15.301
2022-10-25 09:30:35 [log] |  LONGITUDE: -89.02733333
2022-10-25 09:30:35 [log] |      DEPTH: 10.00
2022-10-25 09:30:35 [log] |        RMS: 3.07
2022-10-25 09:30:35 [log] |    AZ. GAP: 167
2022-10-25 09:30:35 [log] |        ERH: 102.9
2022-10-25 09:30:35 [log] *---------------------------------------*


2022-10-25 09:33:01 [log] *---------------------------------------*
2022-10-25 09:33:01 [log] |           NEW LOCALIZATION            |
2022-10-25 09:33:01 [log] *---------------------------------------*
2022-10-25 09:33:01 [log] | Picklist content
2022-10-25 09:33:01 [log] |  P IZPB a.k.a. BMTP 04:24:03.06623
2022-10-25 09:33:01 [log] |  P TUIA a.k.a. DUOO 04:23:57.251403
2022-10-25 09:33:01 [log] |  P TUZG a.k.a. USAY 04:24:02.381311
2022-10-25 09:33:01 [log] |  P TUZZ a.k.a. LNCZ 04:24:06.46231
2022-10-25 09:33:01 [log] |  P ZAES a.k.a. ITTR 04:24:07.594524
2022-10-25 09:33:01 [log] |  Sg TUIA a.k.a. DUOO 04:24:00.95556
2022-10-25 09:33:01 [log] |  Sg TUZG a.k.a. USAY 04:24:09.160616
2022-10-25 09:33:01 [log] *---------------------------------------*
2022-10-25 09:33:01 [log] | ITERATION 0 with ZTR fixed at 5.km
2022-10-25 09:33:01 [log] |  RMS: 5.13        LAT: 15.1065
2022-10-25 09:33:01 [log] |  ERH: NaN         LON: -89.2775
2022-10-25 09:33:01 [log] |  ERZ: NaN       DEPTH: 5.00km
2022-10-25 09:33:01 [log] |   ER: 0
2022-10-25 09:33:01 [log] |  ZTR set to 5.00km
2022-10-25 09:33:01 [log] *---------------------------------------*
2022-10-25 09:33:01 [log] |           ITERATIONS RESULTS          |
2022-10-25 09:33:01 [log] *---------------------------------------*
2022-10-25 09:33:01 [log] | MIN RMS VALUE: 5.13
2022-10-25 09:33:01 [log] |  MIN ER VALUE: 0
2022-10-25 09:33:01 [log] |  ZTR TO APPLY: 005.
2022-10-25 09:33:01 [log] *---------------------------------------*
2022-10-25 09:33:01 [log] |           FINAL RUN RESULTS           |
2022-10-25 09:33:01 [log] *---------------------------------------*
2022-10-25 09:33:01 [log] |       DATE: 22-10-25
2022-10-25 09:33:01 [log] |       TIME: 4:23:56.05
2022-10-25 09:33:01 [log] |   LATITUDE: 15.1065
2022-10-25 09:33:01 [log] |  LONGITUDE: -89.2775
2022-10-25 09:33:01 [log] |      DEPTH: 5.00
2022-10-25 09:33:01 [log] |        RMS: 5.13
2022-10-25 09:33:01 [log] |    AZ. GAP: 197
2022-10-25 09:33:01 [log] |        ERH: NaN
2022-10-25 09:33:01 [log] |        ERZ: NaN
2022-10-25 09:33:01 [log] *---------------------------------------*


2022-10-25 09:34:42 [log] *---------------------------------------*
2022-10-25 09:34:42 [log] |           NEW LOCALIZATION            |
2022-10-25 09:34:42 [log] *---------------------------------------*
2022-10-25 09:34:42 [log] | Picklist content
2022-10-25 09:34:42 [log] |  P IZPB a.k.a. GFTH 04:24:03.06623
2022-10-25 09:34:42 [log] |  P TUIA a.k.a. UZBJ 04:23:57.251403
2022-10-25 09:34:42 [log] |  P TUZG a.k.a. WRLD 04:24:02.381311
2022-10-25 09:34:42 [log] |  P TUZZ a.k.a. WXQI 04:24:06.46231
2022-10-25 09:34:42 [log] |  P ZAES a.k.a. YGKL 04:24:07.594524
2022-10-25 09:34:42 [log] |  Sg TUIA a.k.a. UZBJ 04:24:00.949626
2022-10-25 09:34:42 [log] |  Sg TUZZ a.k.a. WXQI 04:24:16.09437
2022-10-25 09:34:42 [log] |  Sg TUZG a.k.a. WRLD 04:24:08.604184
2022-10-25 09:34:42 [log] *---------------------------------------*
2022-10-25 09:34:42 [log] | ITERATION 0 with ZTR fixed at 5.km
2022-10-25 09:34:42 [log] |  RMS: 5.13        LAT: 15.1065
2022-10-25 09:34:42 [log] |  ERH: NaN         LON: -89.2775
2022-10-25 09:34:42 [log] |  ERZ: NaN       DEPTH: 5.00km
2022-10-25 09:34:42 [log] |   ER: 0
2022-10-25 09:34:42 [log] |  ZTR set to 5.00km
2022-10-25 09:34:42 [log] *---------------------------------------*
2022-10-25 09:34:42 [log] |           ITERATIONS RESULTS          |
2022-10-25 09:34:42 [log] *---------------------------------------*
2022-10-25 09:34:42 [log] | MIN RMS VALUE: 5.13
2022-10-25 09:34:42 [log] |  MIN ER VALUE: 0
2022-10-25 09:34:42 [log] |  ZTR TO APPLY: 005.
2022-10-25 09:34:42 [log] *---------------------------------------*
2022-10-25 09:34:42 [log] |           FINAL RUN RESULTS           |
2022-10-25 09:34:42 [log] *---------------------------------------*
2022-10-25 09:34:42 [log] |       DATE: 22-10-25
2022-10-25 09:34:42 [log] |       TIME: 4:23:56.05
2022-10-25 09:34:42 [log] |   LATITUDE: 15.1065
2022-10-25 09:34:42 [log] |  LONGITUDE: -89.2775
2022-10-25 09:34:42 [log] |      DEPTH: 5.00
2022-10-25 09:34:42 [log] |        RMS: 5.13
2022-10-25 09:34:42 [log] |    AZ. GAP: 197
2022-10-25 09:34:42 [log] |        ERH: NaN
2022-10-25 09:34:42 [log] |        ERZ: NaN
2022-10-25 09:34:42 [log] *---------------------------------------*


2022-10-25 09:37:39 [log] *---------------------------------------*
2022-10-25 09:37:39 [log] |           NEW LOCALIZATION            |
2022-10-25 09:37:39 [log] *---------------------------------------*
2022-10-25 09:37:39 [log] | Picklist content
2022-10-25 09:37:39 [log] |  P IZPB a.k.a. FJOR 04:24:03.014493
2022-10-25 09:37:39 [log] |  S IZPB a.k.a. FJOR 04:24:11.772433
2022-10-25 09:37:39 [log] |  P TUIA a.k.a. UHCF 04:23:57.251403
2022-10-25 09:37:39 [log] |  S TUIA a.k.a. UHCF 04:24:00.593052
2022-10-25 09:37:39 [log] |  P TUZG a.k.a. AHKZ 04:24:02.381311
2022-10-25 09:37:39 [log] |  P TUZZ a.k.a. JTQY 04:24:06.46231
2022-10-25 09:37:39 [log] |  S TUZG a.k.a. AHKZ 04:24:09.424763
2022-10-25 09:37:39 [log] |  S TUZZ a.k.a. JTQY 04:24:15.349835
2022-10-25 09:37:39 [log] |  P ZAES a.k.a. RQBF 04:24:07.594524
2022-10-25 09:37:39 [log] |  P LLGN a.k.a. WJFU 04:24:15.088225
2022-10-25 09:37:39 [log] |  P JAMO a.k.a. LLMJ 04:24:15.982576
2022-10-25 09:37:39 [log] |  S JAMO a.k.a. LLMJ 04:24:33.645998
2022-10-25 09:37:39 [log] *---------------------------------------*
2022-10-25 09:37:39 [log] | ITERATION 0 with ZTR fixed at 5.km
2022-10-25 09:37:39 [log] |  RMS: 4.13        LAT: 15.40133333
2022-10-25 09:37:39 [log] |  ERH: 69.6        LON: -89.1345
2022-10-25 09:37:39 [log] |  ERZ: 17.0      DEPTH: 2.95km
2022-10-25 09:37:39 [log] |   ER: 71.6461
2022-10-25 09:37:39 [log] |  ZTR set to 2.95km
2022-10-25 09:37:39 [log] *---------------------------------------*
2022-10-25 09:37:39 [log] |           ITERATIONS RESULTS          |
2022-10-25 09:37:39 [log] *---------------------------------------*
2022-10-25 09:37:39 [log] | MIN RMS VALUE: 4.13
2022-10-25 09:37:39 [log] |  MIN ER VALUE: 71.6461
2022-10-25 09:37:39 [log] |  ZTR TO APPLY: 003.
2022-10-25 09:37:39 [log] *---------------------------------------*
2022-10-25 09:37:39 [log] |           FINAL RUN RESULTS           |
2022-10-25 09:37:39 [log] *---------------------------------------*
2022-10-25 09:37:39 [log] |       DATE: 22-10-25
2022-10-25 09:37:39 [log] |       TIME: 4:23:51.38
2022-10-25 09:37:39 [log] |   LATITUDE: 15.40983333
2022-10-25 09:37:39 [log] |  LONGITUDE: -89.14116667
2022-10-25 09:37:39 [log] |      DEPTH: 2.69
2022-10-25 09:37:39 [log] |        RMS: 4.13
2022-10-25 09:37:39 [log] |    AZ. GAP: 195
2022-10-25 09:37:39 [log] |        ERH: 72.5
2022-10-25 09:37:39 [log] |        ERZ: 17.4
2022-10-25 09:37:39 [log] *---------------------------------------*


2022-11-02 12:39:14 [log] *---------------------------------------*
2022-11-02 12:39:14 [log] |           NEW LOCALIZATION            |
2022-11-02 12:39:14 [log] *---------------------------------------*
2022-11-02 12:39:14 [log] | Picklist content
2022-11-02 12:39:14 [log] |  P STG5 a.k.a. RFII 00:03:55.597
2022-11-02 12:39:14 [log] *---------------------------------------*
2022-11-02 12:39:14 [log] | ITERATION 0 with ZTR fixed at 5.km


2022-11-02 12:39:29 [log] *---------------------------------------*
2022-11-02 12:39:29 [log] |           NEW LOCALIZATION            |
2022-11-02 12:39:29 [log] *---------------------------------------*
2022-11-02 12:39:29 [log] | Picklist content
2022-11-02 12:39:29 [log] |  P STG5 a.k.a. LZTW 00:03:55.597
2022-11-02 12:39:29 [log] *---------------------------------------*
2022-11-02 12:39:29 [log] | ITERATION 0 with ZTR fixed at 5.km


2022-11-02 12:39:51 [log] *---------------------------------------*
2022-11-02 12:39:51 [log] |           NEW LOCALIZATION            |
2022-11-02 12:39:51 [log] *---------------------------------------*
2022-11-02 12:39:51 [log] | Picklist content
2022-11-02 12:39:51 [log] |  P STG5 a.k.a. ITWS 00:03:55.597
2022-11-02 12:39:51 [log] *---------------------------------------*
2022-11-02 12:39:51 [log] | ITERATION 0 with ZTR fixed at 5.km


2022-11-02 12:40:17 [log] *---------------------------------------*
2022-11-02 12:40:17 [log] |           NEW LOCALIZATION            |
2022-11-02 12:40:17 [log] *---------------------------------------*
2022-11-02 12:40:17 [log] | Picklist content
2022-11-02 12:40:17 [log] |  P STG5 a.k.a. UISC 00:03:55.597
2022-11-02 12:40:17 [log] *---------------------------------------*
2022-11-02 12:40:17 [log] | ITERATION 0 with ZTR fixed at 5.km


2022-11-02 12:40:56 [log] *---------------------------------------*
2022-11-02 12:40:56 [log] |           NEW LOCALIZATION            |
2022-11-02 12:40:56 [log] *---------------------------------------*
2022-11-02 12:40:56 [log] | Picklist content
2022-11-02 12:40:56 [log] |  P STG5 a.k.a. VIZQ 08:29:35.801
2022-11-02 12:40:56 [log] |  S STG5 a.k.a. VIZQ 08:29:38.288
2022-11-02 12:40:56 [log] |  P SUCU a.k.a. ZSML 08:29:35.94
2022-11-02 12:40:56 [log] |  S SUCU a.k.a. ZSML 08:29:37.752
2022-11-02 12:40:56 [log] |  P ESTQ a.k.a. GBZY 08:29:41.842
2022-11-02 12:40:56 [log] |  P HUCU a.k.a. FJDJ 08:29:48.17
2022-11-02 12:40:56 [log] |  S HUCU a.k.a. FJDJ 08:29:59.786
2022-11-02 12:40:56 [log] *---------------------------------------*
2022-11-02 12:40:56 [log] | ITERATION 0 with ZTR fixed at 5.km
2022-11-02 12:40:56 [log] |  RMS: 0.51        LAT: 14.65016667
2022-11-02 12:40:56 [log] |  ERH: 6.6         LON: -91.45166667
2022-11-02 12:40:56 [log] |  ERZ: 4.2       DEPTH: 13.24km
2022-11-02 12:40:56 [log] |   ER: 7.82304
2022-11-02 12:40:56 [log] |  ZTR set to 13.24km
2022-11-02 12:40:56 [log] *---------------------------------------*
2022-11-02 12:40:56 [log] |           ITERATIONS RESULTS          |
2022-11-02 12:40:56 [log] *---------------------------------------*
2022-11-02 12:40:56 [log] | MIN RMS VALUE: 0.51
2022-11-02 12:40:56 [log] |  MIN ER VALUE: 7.82304
2022-11-02 12:40:56 [log] |  ZTR TO APPLY: 013.
2022-11-02 12:40:56 [log] *---------------------------------------*
2022-11-02 12:40:56 [log] |           FINAL RUN RESULTS           |
2022-11-02 12:40:56 [log] *---------------------------------------*
2022-11-02 12:40:56 [log] |       DATE: 22-10-13
2022-11-02 12:40:56 [log] |       TIME: 8:29:31.55
2022-11-02 12:40:56 [log] |   LATITUDE: 14.62133333
2022-11-02 12:40:56 [log] |  LONGITUDE: -91.51283333
2022-11-02 12:40:56 [log] |      DEPTH: 17.80
2022-11-02 12:40:56 [log] |        RMS: 0.45
2022-11-02 12:40:56 [log] |    AZ. GAP: 175
2022-11-02 12:40:56 [log] |        ERH: 14.6
2022-11-02 12:40:56 [log] |        ERZ: 6.9
2022-11-02 12:40:56 [log] *---------------------------------------*


2022-11-02 12:45:01 [log] *---------------------------------------*
2022-11-02 12:45:01 [log] |           NEW LOCALIZATION            |
2022-11-02 12:45:01 [log] *---------------------------------------*
2022-11-02 12:45:01 [log] | Picklist content
2022-11-02 12:45:01 [log] |  P STG2 a.k.a. QJPI 04:11:19.48
2022-11-02 12:45:01 [log] |  P STG5 a.k.a. GTTO 04:11:19.58
2022-11-02 12:45:01 [log] |  P SUCU a.k.a. OKUP 04:11:21.58
2022-11-02 12:45:01 [log] *---------------------------------------*
2022-11-02 12:45:01 [log] | ITERATION 0 with ZTR fixed at 5.km


2022-11-02 12:48:59 [log] *---------------------------------------*
2022-11-02 12:48:59 [log] |           NEW LOCALIZATION            |
2022-11-02 12:48:59 [log] *---------------------------------------*
2022-11-02 12:48:59 [log] | Picklist content
2022-11-02 12:48:59 [log] |  S STG8 a.k.a. PDLN 06:47:22.37
2022-11-02 12:48:59 [log] |  P STG3 a.k.a. SFZY 06:47:21.845
2022-11-02 12:48:59 [log] |  P STG2 a.k.a. APEJ 06:47:22.4
2022-11-02 12:48:59 [log] |  S STG2 a.k.a. APEJ 06:47:23.533
2022-11-02 12:48:59 [log] *---------------------------------------*
2022-11-02 12:48:59 [log] | ITERATION 0 with ZTR fixed at 5.km


2022-11-02 12:51:02 [log] *---------------------------------------*
2022-11-02 12:51:02 [log] |           NEW LOCALIZATION            |
2022-11-02 12:51:02 [log] *---------------------------------------*
2022-11-02 12:51:02 [log] | Picklist content
2022-11-02 12:51:02 [log] |  P STG8 a.k.a. VVLN 15:58:32.97
2022-11-02 12:51:02 [log] |  S STG8 a.k.a. VVLN 15:58:33.35
2022-11-02 12:51:02 [log] |  P STG3 a.k.a. QSWV 15:58:32.972
2022-11-02 12:51:02 [log] |  P STG2 a.k.a. TOPA 15:58:33.433
2022-11-02 12:51:02 [log] |  S SUCU a.k.a. VXCV 15:58:38.285
2022-11-02 12:51:02 [log] *---------------------------------------*
2022-11-02 12:51:02 [log] | ITERATION 0 with ZTR fixed at 5.km
2022-11-02 12:51:02 [log] |  RMS: 0.44        LAT: 14.75616667
2022-11-02 12:51:02 [log] |  ERH:             LON: -91.56933333
2022-11-02 12:51:02 [log] |  ERZ:           DEPTH: 5.00km
2022-11-02 12:51:02 [log] |   ER: 0
2022-11-02 12:51:02 [log] |  ZTR set to 5.00km
2022-11-02 12:51:02 [log] *---------------------------------------*
2022-11-02 12:51:02 [log] |           ITERATIONS RESULTS          |
2022-11-02 12:51:02 [log] *---------------------------------------*
2022-11-02 12:51:02 [log] | MIN RMS VALUE: 0.44
2022-11-02 12:51:02 [log] |  MIN ER VALUE: 0
2022-11-02 12:51:02 [log] |  ZTR TO APPLY: 005.
2022-11-02 12:51:02 [log] *---------------------------------------*
2022-11-02 12:51:02 [log] |           FINAL RUN RESULTS           |
2022-11-02 12:51:02 [log] *---------------------------------------*
2022-11-02 12:51:02 [log] |       DATE: 21-12-16
2022-11-02 12:51:02 [log] |       TIME: 15:58:30.92
2022-11-02 12:51:02 [log] |   LATITUDE: 14.75616667
2022-11-02 12:51:02 [log] |  LONGITUDE: -91.56933333
2022-11-02 12:51:02 [log] |      DEPTH: 5.00
2022-11-02 12:51:02 [log] |        RMS: 0.44
2022-11-02 12:51:02 [log] |    AZ. GAP: 292
2022-11-02 12:51:02 [log] |        ERH: 
2022-11-02 12:51:02 [log] |        ERZ: 
2022-11-02 12:51:02 [log] *---------------------------------------*


2022-11-02 12:51:17 [log] *---------------------------------------*
2022-11-02 12:51:17 [log] |           NEW LOCALIZATION            |
2022-11-02 12:51:17 [log] *---------------------------------------*
2022-11-02 12:51:17 [log] | Picklist content
2022-11-02 12:51:17 [log] |  P STG5 a.k.a. IXCA 08:29:35.801
2022-11-02 12:51:17 [log] |  S STG5 a.k.a. IXCA 08:29:38.288
2022-11-02 12:51:17 [log] |  P SUCU a.k.a. LTZC 08:29:35.94
2022-11-02 12:51:17 [log] |  S SUCU a.k.a. LTZC 08:29:37.752
2022-11-02 12:51:17 [log] |  P ESTQ a.k.a. IOYG 08:29:41.842
2022-11-02 12:51:17 [log] |  P HUCU a.k.a. GSLQ 08:29:48.17
2022-11-02 12:51:17 [log] |  S HUCU a.k.a. GSLQ 08:29:59.786
2022-11-02 12:51:17 [log] *---------------------------------------*
2022-11-02 12:51:17 [log] | ITERATION 0 with ZTR fixed at 5.km
2022-11-02 12:51:17 [log] |  RMS: 0.51        LAT: 14.65016667
2022-11-02 12:51:17 [log] |  ERH: 6.6         LON: -91.45166667
2022-11-02 12:51:17 [log] |  ERZ: 4.2       DEPTH: 13.24km
2022-11-02 12:51:17 [log] |   ER: 7.82304
2022-11-02 12:51:17 [log] |  ZTR set to 13.24km
2022-11-02 12:51:17 [log] *---------------------------------------*
2022-11-02 12:51:17 [log] |           ITERATIONS RESULTS          |
2022-11-02 12:51:17 [log] *---------------------------------------*
2022-11-02 12:51:17 [log] | MIN RMS VALUE: 0.51
2022-11-02 12:51:17 [log] |  MIN ER VALUE: 7.82304
2022-11-02 12:51:17 [log] |  ZTR TO APPLY: 013.
2022-11-02 12:51:17 [log] *---------------------------------------*
2022-11-02 12:51:17 [log] |           FINAL RUN RESULTS           |
2022-11-02 12:51:17 [log] *---------------------------------------*
2022-11-02 12:51:17 [log] |       DATE: 22-10-13
2022-11-02 12:51:17 [log] |       TIME: 8:29:31.55
2022-11-02 12:51:17 [log] |   LATITUDE: 14.62133333
2022-11-02 12:51:17 [log] |  LONGITUDE: -91.51283333
2022-11-02 12:51:17 [log] |      DEPTH: 17.80
2022-11-02 12:51:17 [log] |        RMS: 0.45
2022-11-02 12:51:17 [log] |    AZ. GAP: 175
2022-11-02 12:51:17 [log] |        ERH: 14.6
2022-11-02 12:51:17 [log] |        ERZ: 6.9
2022-11-02 12:51:17 [log] *---------------------------------------*


2022-11-02 12:52:52 [log] *---------------------------------------*
2022-11-02 12:52:52 [log] |           NEW LOCALIZATION            |
2022-11-02 12:52:52 [log] *---------------------------------------*
2022-11-02 12:52:52 [log] | Picklist content
2022-11-02 12:52:52 [log] |  P STG5 a.k.a. RMGA 08:29:35.801
2022-11-02 12:52:52 [log] |  S STG5 a.k.a. RMGA 08:29:38.288
2022-11-02 12:52:52 [log] |  P SUCU a.k.a. GFQQ 08:29:35.94
2022-11-02 12:52:52 [log] |  S SUCU a.k.a. GFQQ 08:29:37.752
2022-11-02 12:52:52 [log] |  P ESTQ a.k.a. QOQK 08:29:41.842
2022-11-02 12:52:52 [log] |  P HUCU a.k.a. CXYI 08:29:48.17
2022-11-02 12:52:52 [log] |  S HUCU a.k.a. CXYI 08:29:59.786
2022-11-02 12:52:52 [log] *---------------------------------------*
2022-11-02 12:52:52 [log] | ITERATION 0 with ZTR fixed at 5km
2022-11-02 12:52:52 [log] |  RMS: 0.37        LAT: 14.62216667
2022-11-02 12:52:52 [log] |  ERH: 13.1        LON: -91.4905
2022-11-02 12:52:52 [log] |  ERZ: 8.6       DEPTH: 17.06km
2022-11-02 12:52:52 [log] |   ER: 15.6707
2022-11-02 12:52:52 [log] |  ZTR set to 17.06km
2022-11-02 12:52:52 [log] *---------------------------------------*
2022-11-02 12:52:52 [log] | ITERATION 1 with ZTR fixed at 20km
2022-11-02 12:52:52 [log] |  RMS: 0.37        LAT: 14.62533333
2022-11-02 12:52:52 [log] |  ERH: 12.6        LON: -91.48316667
2022-11-02 12:52:52 [log] |  ERZ: 9.6       DEPTH: 16.36km
2022-11-02 12:52:52 [log] |   ER: 15.8405
2022-11-02 12:52:52 [log] *---------------------------------------*
2022-11-02 12:52:52 [log] | ITERATION 2 with ZTR fixed at 40km
2022-11-02 12:52:52 [log] |  RMS: 0.39        LAT: 14.63116667
2022-11-02 12:52:52 [log] |  ERH: 12.5        LON: -91.48
2022-11-02 12:52:52 [log] |  ERZ: 11.3      DEPTH: 15.27km
2022-11-02 12:52:52 [log] |   ER: 16.8505
2022-11-02 12:52:52 [log] *---------------------------------------*
2022-11-02 12:52:52 [log] | ITERATION 3 with ZTR fixed at 60km
2022-11-02 12:52:52 [log] |  RMS: 0.40        LAT: 14.63366667
2022-11-02 12:52:52 [log] |  ERH: 12.6        LON: -91.47833333
2022-11-02 12:52:52 [log] |  ERZ: 11.1      DEPTH: 15.72km
2022-11-02 12:52:52 [log] |   ER: 16.792
2022-11-02 12:52:52 [log] *---------------------------------------*
2022-11-02 12:52:52 [log] | ITERATION 4 with ZTR fixed at 80km
2022-11-02 12:52:52 [log] |  RMS: 0.37        LAT: 14.617
2022-11-02 12:52:52 [log] |  ERH: 13.2        LON: -91.50033333
2022-11-02 12:52:52 [log] |  ERZ: 7.3       DEPTH: 17.74km
2022-11-02 12:52:52 [log] |   ER: 15.0841
2022-11-02 12:52:52 [log] |  17.06km old ZTR is replaced by 17.74km
2022-11-02 12:52:52 [log] *---------------------------------------*
2022-11-02 12:52:52 [log] | ITERATION 5 with ZTR fixed at 100km
2022-11-02 12:52:52 [log] |  RMS: 0.37        LAT: 14.61966667
2022-11-02 12:52:52 [log] |  ERH: 13.2        LON: -91.496
2022-11-02 12:52:52 [log] |  ERZ: 7.9       DEPTH: 17.50km
2022-11-02 12:52:52 [log] |   ER: 15.3834
2022-11-02 12:52:52 [log] *---------------------------------------*
2022-11-02 12:52:52 [log] | ITERATION 6 with ZTR fixed at 150km
2022-11-02 12:52:52 [log] |  RMS: 0.37        LAT: 14.6175
2022-11-02 12:52:52 [log] |  ERH: 13.2        LON: -91.4995
2022-11-02 12:52:52 [log] |  ERZ: 7.4       DEPTH: 17.70km
2022-11-02 12:52:52 [log] |   ER: 15.1327
2022-11-02 12:52:52 [log] *---------------------------------------*
2022-11-02 12:52:52 [log] | ITERATION 7 with ZTR fixed at 200km
2022-11-02 12:52:52 [log] |  RMS: 9.67        LAT: 14.5485
2022-11-02 12:52:52 [log] |  ERH: 242.7       LON: -91.59466667
2022-11-02 12:52:52 [log] |  ERZ: 16.5      DEPTH: 200.00km
2022-11-02 12:52:52 [log] |   ER: 243.26
2022-11-02 12:52:52 [log] *---------------------------------------*
2022-11-02 12:52:52 [log] |           ITERATIONS RESULTS          |
2022-11-02 12:52:52 [log] *---------------------------------------*
2022-11-02 12:52:52 [log] | MIN RMS VALUE: 0.37
2022-11-02 12:52:52 [log] |  MIN ER VALUE: 15.0841
2022-11-02 12:52:52 [log] |  ZTR TO APPLY: 018.
2022-11-02 12:52:52 [log] *---------------------------------------*
2022-11-02 12:52:52 [log] |           FINAL RUN RESULTS           |
2022-11-02 12:52:52 [log] *---------------------------------------*
2022-11-02 12:52:52 [log] |       DATE: 22-10-13
2022-11-02 12:52:52 [log] |       TIME: 8:29:31.47
2022-11-02 12:52:52 [log] |   LATITUDE: 14.61766667
2022-11-02 12:52:52 [log] |  LONGITUDE: -91.50216667
2022-11-02 12:52:52 [log] |      DEPTH: 18.00
2022-11-02 12:52:52 [log] |        RMS: 0.37
2022-11-02 12:52:52 [log] |    AZ. GAP: 176
2022-11-02 12:52:52 [log] |        ERH: 13.2
2022-11-02 12:52:52 [log] |        ERZ: 7.1
2022-11-02 12:52:52 [log] *---------------------------------------*


2022-11-02 12:54:11 [log] *---------------------------------------*
2022-11-02 12:54:11 [log] |           NEW LOCALIZATION            |
2022-11-02 12:54:11 [log] *---------------------------------------*
2022-11-02 12:54:11 [log] | Picklist content
2022-11-02 12:54:11 [log] |  S STG8 a.k.a. YYMP 03:48:57.493
2022-11-02 12:54:11 [log] |  P STG3 a.k.a. KENK 03:48:57.044
2022-11-02 12:54:11 [log] |  P STG2 a.k.a. WNFM 03:48:57.6
2022-11-02 12:54:11 [log] |  S STG2 a.k.a. WNFM 03:48:59.237
2022-11-02 12:54:11 [log] *---------------------------------------*
2022-11-02 12:54:11 [log] | ITERATION 0 with ZTR fixed at 5km


2022-11-02 12:54:50 [log] *---------------------------------------*
2022-11-02 12:54:50 [log] |           NEW LOCALIZATION            |
2022-11-02 12:54:50 [log] *---------------------------------------*
2022-11-02 12:54:50 [log] | Picklist content
2022-11-02 12:54:50 [log] |  P STG8 a.k.a. LZHJ 11:40:47.455
2022-11-02 12:54:50 [log] |  S STG8 a.k.a. LZHJ 11:40:48.916
2022-11-02 12:54:50 [log] |  P STG3 a.k.a. QIFK 11:40:47.699
2022-11-02 12:54:50 [log] |  P STG2 a.k.a. NMTX 11:40:48.159
2022-11-02 12:54:50 [log] |  S STG2 a.k.a. NMTX 11:40:49.758
2022-11-02 12:54:50 [log] *---------------------------------------*
2022-11-02 12:54:50 [log] | ITERATION 0 with ZTR fixed at 5km
2022-11-02 12:54:50 [log] |  RMS: 0.05        LAT: 14.7555
2022-11-02 12:54:50 [log] |  ERH: 1.7         LON: -91.55366667
2022-11-02 12:54:50 [log] |  ERZ: 1.4       DEPTH: 3.47km
2022-11-02 12:54:50 [log] |   ER: 2.20227
2022-11-02 12:54:50 [log] |  ZTR set to 3.47km
2022-11-02 12:54:50 [log] *---------------------------------------*
2022-11-02 12:54:50 [log] | ITERATION 1 with ZTR fixed at 20km
2022-11-02 12:54:50 [log] |  RMS: 0.05        LAT: 14.75533333
2022-11-02 12:54:50 [log] |  ERH: 1.7         LON: -91.554
2022-11-02 12:54:50 [log] |  ERZ: 1.4       DEPTH: 3.49km
2022-11-02 12:54:50 [log] |   ER: 2.20227
2022-11-02 12:54:50 [log] *---------------------------------------*
2022-11-02 12:54:50 [log] | ITERATION 2 with ZTR fixed at 40km
2022-11-02 12:54:50 [log] |  RMS: 0.05        LAT: 14.75766667
2022-11-02 12:54:50 [log] |  ERH: 1.7         LON: -91.55366667
2022-11-02 12:54:50 [log] |  ERZ: 1.3       DEPTH: 3.70km
2022-11-02 12:54:50 [log] |   ER: 2.14009
2022-11-02 12:54:50 [log] |  3.47km old ZTR is replaced by 3.70km
2022-11-02 12:54:50 [log] *---------------------------------------*
2022-11-02 12:54:50 [log] | ITERATION 3 with ZTR fixed at 60km
2022-11-02 12:54:50 [log] |  RMS: 2.67        LAT: 14.752
2022-11-02 12:54:50 [log] |  ERH: 18.9        LON: -91.6015
2022-11-02 12:54:50 [log] |  ERZ: 1.4       DEPTH: 60.00km
2022-11-02 12:54:50 [log] |   ER: 18.9518
2022-11-02 12:54:50 [log] *---------------------------------------*
2022-11-02 12:54:50 [log] | ITERATION 4 with ZTR fixed at 80km
2022-11-02 12:54:50 [log] |  RMS: 3.59        LAT: 14.752
2022-11-02 12:54:50 [log] |  ERH: 25.8        LON: -91.60166667
2022-11-02 12:54:50 [log] |  ERZ: 1.4       DEPTH: 80.00km
2022-11-02 12:54:50 [log] |   ER: 25.838
2022-11-02 12:54:50 [log] *---------------------------------------*
2022-11-02 12:54:50 [log] | ITERATION 5 with ZTR fixed at 100km
2022-11-02 12:54:50 [log] |  RMS: 4.50        LAT: 14.752
2022-11-02 12:54:50 [log] |  ERH: 32.7        LON: -91.6165
2022-11-02 12:54:50 [log] |  ERZ: 1.4       DEPTH: 100.00km
2022-11-02 12:54:50 [log] |   ER: 32.73
2022-11-02 12:54:50 [log] *---------------------------------------*
2022-11-02 12:54:50 [log] | ITERATION 6 with ZTR fixed at 150km
2022-11-02 12:54:50 [log] |  RMS: 6.82        LAT: 14.752
2022-11-02 12:54:50 [log] |  ERH: 50.4        LON: -91.61666667
2022-11-02 12:54:50 [log] |  ERZ: 1.4       DEPTH: 150.00km
2022-11-02 12:54:50 [log] |   ER: 50.4194
2022-11-02 12:54:50 [log] *---------------------------------------*
2022-11-02 12:54:50 [log] | ITERATION 7 with ZTR fixed at 200km
2022-11-02 12:54:50 [log] |  RMS: 9.14        LAT: 14.752
2022-11-02 12:54:50 [log] |  ERH: 68.7        LON: -91.61666667
2022-11-02 12:54:50 [log] |  ERZ: 1.4       DEPTH: 200.00km
2022-11-02 12:54:50 [log] |   ER: 68.7143
2022-11-02 12:54:50 [log] *---------------------------------------*
2022-11-02 12:54:50 [log] |           ITERATIONS RESULTS          |
2022-11-02 12:54:50 [log] *---------------------------------------*
2022-11-02 12:54:50 [log] | MIN RMS VALUE: 0.05
2022-11-02 12:54:50 [log] |  MIN ER VALUE: 2.14009
2022-11-02 12:54:50 [log] |  ZTR TO APPLY: 004.
2022-11-02 12:54:50 [log] *---------------------------------------*
2022-11-02 12:54:50 [log] |           FINAL RUN RESULTS           |
2022-11-02 12:54:50 [log] *---------------------------------------*
2022-11-02 12:54:50 [log] |       DATE: 22-01-06
2022-11-02 12:54:50 [log] |       TIME: 11:40:45.77
2022-11-02 12:54:50 [log] |   LATITUDE: 14.75683333
2022-11-02 12:54:50 [log] |  LONGITUDE: -91.55483333
2022-11-02 12:54:50 [log] |      DEPTH: 3.65
2022-11-02 12:54:50 [log] |        RMS: 0.05
2022-11-02 12:54:50 [log] |    AZ. GAP: 301
2022-11-02 12:54:50 [log] |        ERH: 1.7
2022-11-02 12:54:50 [log] |        ERZ: 1.2
2022-11-02 12:54:50 [log] *---------------------------------------*


2022-11-02 12:55:15 [log] *---------------------------------------*
2022-11-02 12:55:15 [log] |           NEW LOCALIZATION            |
2022-11-02 12:55:15 [log] *---------------------------------------*
2022-11-02 12:55:15 [log] | Picklist content
2022-11-02 12:55:15 [log] |  P STG8 a.k.a. OLQX 11:40:47.455
2022-11-02 12:55:15 [log] |  S STG8 a.k.a. OLQX 11:40:48.916
2022-11-02 12:55:15 [log] |  P STG3 a.k.a. MTBU 11:40:47.699
2022-11-02 12:55:15 [log] |  P STG2 a.k.a. TKUQ 11:40:48.159
2022-11-02 12:55:15 [log] |  S STG2 a.k.a. TKUQ 11:40:49.758
2022-11-02 12:55:15 [log] *---------------------------------------*
2022-11-02 12:55:15 [log] | ITERATION 0 with ZTR fixed at 5km
2022-11-02 12:55:15 [log] |  RMS: 0.05        LAT: 14.7555
2022-11-02 12:55:15 [log] |  ERH: 1.7         LON: -91.55366667
2022-11-02 12:55:15 [log] |  ERZ: 1.4       DEPTH: 3.47km
2022-11-02 12:55:15 [log] |   ER: 2.20227
2022-11-02 12:55:15 [log] |  ZTR set to 3.47km
2022-11-02 12:55:15 [log] *---------------------------------------*
2022-11-02 12:55:15 [log] | ITERATION 1 with ZTR fixed at 20km
2022-11-02 12:55:15 [log] |  RMS: 0.05        LAT: 14.75533333
2022-11-02 12:55:15 [log] |  ERH: 1.7         LON: -91.554
2022-11-02 12:55:15 [log] |  ERZ: 1.4       DEPTH: 3.49km
2022-11-02 12:55:15 [log] |   ER: 2.20227
2022-11-02 12:55:15 [log] *---------------------------------------*
2022-11-02 12:55:15 [log] | ITERATION 2 with ZTR fixed at 40km
2022-11-02 12:55:15 [log] |  RMS: 0.05        LAT: 14.75766667
2022-11-02 12:55:15 [log] |  ERH: 1.7         LON: -91.55366667
2022-11-02 12:55:15 [log] |  ERZ: 1.3       DEPTH: 3.70km
2022-11-02 12:55:15 [log] |   ER: 2.14009
2022-11-02 12:55:15 [log] |  3.47km old ZTR is replaced by 3.70km
2022-11-02 12:55:15 [log] *---------------------------------------*
2022-11-02 12:55:15 [log] | ITERATION 3 with ZTR fixed at 60km
2022-11-02 12:55:15 [log] |  RMS: 2.67        LAT: 14.752
2022-11-02 12:55:15 [log] |  ERH: 18.9        LON: -91.6015
2022-11-02 12:55:15 [log] |  ERZ: 1.4       DEPTH: 60.00km
2022-11-02 12:55:15 [log] |   ER: 18.9518
2022-11-02 12:55:15 [log] *---------------------------------------*
2022-11-02 12:55:15 [log] | ITERATION 4 with ZTR fixed at 80km
2022-11-02 12:55:15 [log] |  RMS: 3.59        LAT: 14.752
2022-11-02 12:55:15 [log] |  ERH: 25.8        LON: -91.60166667
2022-11-02 12:55:15 [log] |  ERZ: 1.4       DEPTH: 80.00km
2022-11-02 12:55:15 [log] |   ER: 25.838
2022-11-02 12:55:15 [log] *---------------------------------------*
2022-11-02 12:55:15 [log] | ITERATION 5 with ZTR fixed at 100km
2022-11-02 12:55:15 [log] |  RMS: 4.50        LAT: 14.752
2022-11-02 12:55:15 [log] |  ERH: 32.7        LON: -91.6165
2022-11-02 12:55:15 [log] |  ERZ: 1.4       DEPTH: 100.00km
2022-11-02 12:55:15 [log] |   ER: 32.73
2022-11-02 12:55:15 [log] *---------------------------------------*
2022-11-02 12:55:15 [log] | ITERATION 6 with ZTR fixed at 150km
2022-11-02 12:55:15 [log] |  RMS: 6.82        LAT: 14.752
2022-11-02 12:55:15 [log] |  ERH: 50.4        LON: -91.61666667
2022-11-02 12:55:15 [log] |  ERZ: 1.4       DEPTH: 150.00km
2022-11-02 12:55:15 [log] |   ER: 50.4194
2022-11-02 12:55:15 [log] *---------------------------------------*
2022-11-02 12:55:15 [log] | ITERATION 7 with ZTR fixed at 200km
2022-11-02 12:55:15 [log] |  RMS: 9.14        LAT: 14.752
2022-11-02 12:55:15 [log] |  ERH: 68.7        LON: -91.61666667
2022-11-02 12:55:15 [log] |  ERZ: 1.4       DEPTH: 200.00km
2022-11-02 12:55:15 [log] |   ER: 68.7143
2022-11-02 12:55:15 [log] *---------------------------------------*
2022-11-02 12:55:15 [log] |           ITERATIONS RESULTS          |
2022-11-02 12:55:15 [log] *---------------------------------------*
2022-11-02 12:55:15 [log] | MIN RMS VALUE: 0.05
2022-11-02 12:55:15 [log] |  MIN ER VALUE: 2.14009
2022-11-02 12:55:15 [log] |  ZTR TO APPLY: 004.
2022-11-02 12:55:15 [log] *---------------------------------------*
2022-11-02 12:55:15 [log] |           FINAL RUN RESULTS           |
2022-11-02 12:55:15 [log] *---------------------------------------*
2022-11-02 12:55:15 [log] |       DATE: 22-01-06
2022-11-02 12:55:15 [log] |       TIME: 11:40:45.77
2022-11-02 12:55:15 [log] |   LATITUDE: 14.75683333
2022-11-02 12:55:15 [log] |  LONGITUDE: -91.55483333
2022-11-02 12:55:15 [log] |      DEPTH: 3.65
2022-11-02 12:55:15 [log] |        RMS: 0.05
2022-11-02 12:55:15 [log] |    AZ. GAP: 301
2022-11-02 12:55:15 [log] |        ERH: 1.7
2022-11-02 12:55:15 [log] |        ERZ: 1.2
2022-11-02 12:55:15 [log] *---------------------------------------*


2022-11-02 12:57:02 [log] *---------------------------------------*
2022-11-02 12:57:02 [log] |           NEW LOCALIZATION            |
2022-11-02 12:57:02 [log] *---------------------------------------*
2022-11-02 12:57:02 [log] | Picklist content
2022-11-02 12:57:02 [log] |  P STG8 a.k.a. SCVJ 11:40:47.455
2022-11-02 12:57:02 [log] |  S STG8 a.k.a. SCVJ 11:40:48.916
2022-11-02 12:57:02 [log] |  P STG3 a.k.a. UOHA 11:40:47.699
2022-11-02 12:57:02 [log] |  P STG2 a.k.a. EBTT 11:40:48.159
2022-11-02 12:57:02 [log] |  S STG2 a.k.a. EBTT 11:40:49.758
2022-11-02 12:57:02 [log] *---------------------------------------*
2022-11-02 12:57:02 [log] | ITERATION 0 with ZTR fixed at 5km
2022-11-02 12:57:02 [log] |  RMS: 0.05        LAT: 14.76033333
2022-11-02 12:57:02 [log] |  ERH: 1.5         LON: -91.55333333
2022-11-02 12:57:02 [log] |  ERZ: 1.0       DEPTH: 4.24km
2022-11-02 12:57:02 [log] |   ER: 1.80278
2022-11-02 12:57:02 [log] |  ZTR set to 4.24km
2022-11-02 12:57:02 [log] *---------------------------------------*
2022-11-02 12:57:02 [log] | ITERATION 1 with ZTR fixed at 20km
2022-11-02 12:57:02 [log] |  RMS: 0.05        LAT: 14.75916667
2022-11-02 12:57:02 [log] |  ERH: 1.5         LON: -91.55333333
2022-11-02 12:57:02 [log] |  ERZ: 1.0       DEPTH: 4.31km
2022-11-02 12:57:02 [log] |   ER: 1.80278
2022-11-02 12:57:02 [log] *---------------------------------------*
2022-11-02 12:57:02 [log] | ITERATION 2 with ZTR fixed at 40km
2022-11-02 12:57:02 [log] |  RMS: 0.05        LAT: 14.75866667
2022-11-02 12:57:02 [log] |  ERH: 1.5         LON: -91.5535
2022-11-02 12:57:02 [log] |  ERZ: 1.0       DEPTH: 4.24km
2022-11-02 12:57:02 [log] |   ER: 1.80278
2022-11-02 12:57:02 [log] *---------------------------------------*
2022-11-02 12:57:02 [log] | ITERATION 3 with ZTR fixed at 60km
2022-11-02 12:57:02 [log] |  RMS: 0.05        LAT: 14.76
2022-11-02 12:57:02 [log] |  ERH: 1.5         LON: -91.55266667
2022-11-02 12:57:02 [log] |  ERZ: 1.0       DEPTH: 4.28km
2022-11-02 12:57:02 [log] |   ER: 1.80278
2022-11-02 12:57:02 [log] *---------------------------------------*
2022-11-02 12:57:02 [log] | ITERATION 4 with ZTR fixed at 80km
2022-11-02 12:57:02 [log] |  RMS: 0.05        LAT: 14.76083333
2022-11-02 12:57:02 [log] |  ERH: 1.5         LON: -91.55283333
2022-11-02 12:57:02 [log] |  ERZ: 1.0       DEPTH: 4.23km
2022-11-02 12:57:02 [log] |   ER: 1.80278
2022-11-02 12:57:02 [log] *---------------------------------------*
2022-11-02 12:57:02 [log] | ITERATION 5 with ZTR fixed at 100km
2022-11-02 12:57:02 [log] |  RMS: 0.05        LAT: 14.76033333
2022-11-02 12:57:02 [log] |  ERH: 1.5         LON: -91.55316667
2022-11-02 12:57:02 [log] |  ERZ: 1.0       DEPTH: 4.30km
2022-11-02 12:57:02 [log] |   ER: 1.80278
2022-11-02 12:57:02 [log] *---------------------------------------*
2022-11-02 12:57:02 [log] | ITERATION 6 with ZTR fixed at 150km
2022-11-02 12:57:02 [log] |  RMS: 0.05        LAT: 14.76
2022-11-02 12:57:02 [log] |  ERH: 1.5         LON: -91.55283333
2022-11-02 12:57:02 [log] |  ERZ: 1.0       DEPTH: 4.31km
2022-11-02 12:57:02 [log] |   ER: 1.80278
2022-11-02 12:57:02 [log] *---------------------------------------*
2022-11-02 12:57:02 [log] | ITERATION 7 with ZTR fixed at 200km
2022-11-02 12:57:02 [log] |  RMS: 0.05        LAT: 14.76
2022-11-02 12:57:02 [log] |  ERH: 1.5         LON: -91.55333333
2022-11-02 12:57:02 [log] |  ERZ: 1.0       DEPTH: 4.23km
2022-11-02 12:57:02 [log] |   ER: 1.80278
2022-11-02 12:57:02 [log] *---------------------------------------*
2022-11-02 12:57:02 [log] |           ITERATIONS RESULTS          |
2022-11-02 12:57:02 [log] *---------------------------------------*
2022-11-02 12:57:02 [log] | MIN RMS VALUE: 0.05
2022-11-02 12:57:02 [log] |  MIN ER VALUE: 1.80278
2022-11-02 12:57:02 [log] |  ZTR TO APPLY: 004.
2022-11-02 12:57:02 [log] *---------------------------------------*
2022-11-02 12:57:02 [log] |           FINAL RUN RESULTS           |
2022-11-02 12:57:02 [log] *---------------------------------------*
2022-11-02 12:57:02 [log] |       DATE: 22-01-06
2022-11-02 12:57:02 [log] |       TIME: 11:40:45.82
2022-11-02 12:57:02 [log] |   LATITUDE: 14.7595
2022-11-02 12:57:02 [log] |  LONGITUDE: -91.553
2022-11-02 12:57:02 [log] |      DEPTH: 4.25
2022-11-02 12:57:02 [log] |        RMS: 0.05
2022-11-02 12:57:02 [log] |    AZ. GAP: 305
2022-11-02 12:57:02 [log] |        ERH: 1.5
2022-11-02 12:57:02 [log] |        ERZ: 1.0
2022-11-02 12:57:02 [log] *---------------------------------------*


2022-11-02 12:57:51 [log] *---------------------------------------*
2022-11-02 12:57:51 [log] |           NEW LOCALIZATION            |
2022-11-02 12:57:51 [log] *---------------------------------------*
2022-11-02 12:57:51 [log] | Picklist content
2022-11-02 12:57:51 [log] |  P STG8 a.k.a. IOQP 11:40:47.455
2022-11-02 12:57:51 [log] |  S STG8 a.k.a. IOQP 11:40:48.916
2022-11-02 12:57:51 [log] |  P STG3 a.k.a. IBOQ 11:40:47.699
2022-11-02 12:57:51 [log] |  P STG2 a.k.a. DWSU 11:40:48.159
2022-11-02 12:57:51 [log] |  S STG2 a.k.a. DWSU 11:40:49.758
2022-11-02 12:57:51 [log] *---------------------------------------*
2022-11-02 12:57:51 [log] | ITERATION 0 with ZTR fixed at 5km
2022-11-02 12:57:51 [log] |  RMS: 0.05        LAT: 14.76033333
2022-11-02 12:57:51 [log] |  ERH: 1.5         LON: -91.55333333
2022-11-02 12:57:51 [log] |  ERZ: 1.0       DEPTH: 4.24km
2022-11-02 12:57:51 [log] |   ER: 1.80278
2022-11-02 12:57:51 [log] |  ZTR set to 4.24km
2022-11-02 12:57:51 [log] *---------------------------------------*
2022-11-02 12:57:51 [log] | ITERATION 1 with ZTR fixed at 20km
2022-11-02 12:57:51 [log] |  RMS: 0.05        LAT: 14.75916667
2022-11-02 12:57:51 [log] |  ERH: 1.5         LON: -91.55333333
2022-11-02 12:57:51 [log] |  ERZ: 1.0       DEPTH: 4.31km
2022-11-02 12:57:51 [log] |   ER: 1.80278
2022-11-02 12:57:51 [log] *---------------------------------------*
2022-11-02 12:57:51 [log] | ITERATION 2 with ZTR fixed at 40km
2022-11-02 12:57:51 [log] |  RMS: 0.05        LAT: 14.75866667
2022-11-02 12:57:51 [log] |  ERH: 1.5         LON: -91.5535
2022-11-02 12:57:51 [log] |  ERZ: 1.0       DEPTH: 4.24km
2022-11-02 12:57:51 [log] |   ER: 1.80278
2022-11-02 12:57:51 [log] *---------------------------------------*
2022-11-02 12:57:51 [log] | ITERATION 3 with ZTR fixed at 60km
2022-11-02 12:57:51 [log] |  RMS: 0.05        LAT: 14.76
2022-11-02 12:57:51 [log] |  ERH: 1.5         LON: -91.55266667
2022-11-02 12:57:51 [log] |  ERZ: 1.0       DEPTH: 4.28km
2022-11-02 12:57:51 [log] |   ER: 1.80278
2022-11-02 12:57:51 [log] *---------------------------------------*
2022-11-02 12:57:51 [log] | ITERATION 4 with ZTR fixed at 80km
2022-11-02 12:57:51 [log] |  RMS: 0.05        LAT: 14.76083333
2022-11-02 12:57:51 [log] |  ERH: 1.5         LON: -91.55283333
2022-11-02 12:57:51 [log] |  ERZ: 1.0       DEPTH: 4.23km
2022-11-02 12:57:51 [log] |   ER: 1.80278
2022-11-02 12:57:51 [log] *---------------------------------------*
2022-11-02 12:57:51 [log] | ITERATION 5 with ZTR fixed at 100km
2022-11-02 12:57:51 [log] |  RMS: 0.05        LAT: 14.76033333
2022-11-02 12:57:51 [log] |  ERH: 1.5         LON: -91.55316667
2022-11-02 12:57:51 [log] |  ERZ: 1.0       DEPTH: 4.30km
2022-11-02 12:57:51 [log] |   ER: 1.80278
2022-11-02 12:57:51 [log] *---------------------------------------*
2022-11-02 12:57:51 [log] | ITERATION 6 with ZTR fixed at 150km
2022-11-02 12:57:51 [log] |  RMS: 0.05        LAT: 14.76
2022-11-02 12:57:51 [log] |  ERH: 1.5         LON: -91.55283333
2022-11-02 12:57:51 [log] |  ERZ: 1.0       DEPTH: 4.31km
2022-11-02 12:57:51 [log] |   ER: 1.80278
2022-11-02 12:57:51 [log] *---------------------------------------*
2022-11-02 12:57:51 [log] | ITERATION 7 with ZTR fixed at 200km
2022-11-02 12:57:51 [log] |  RMS: 0.05        LAT: 14.76
2022-11-02 12:57:51 [log] |  ERH: 1.5         LON: -91.55333333
2022-11-02 12:57:51 [log] |  ERZ: 1.0       DEPTH: 4.23km
2022-11-02 12:57:51 [log] |   ER: 1.80278
2022-11-02 12:57:51 [log] *---------------------------------------*
2022-11-02 12:57:51 [log] |           ITERATIONS RESULTS          |
2022-11-02 12:57:51 [log] *---------------------------------------*
2022-11-02 12:57:51 [log] | MIN RMS VALUE: 0.05
2022-11-02 12:57:51 [log] |  MIN ER VALUE: 1.80278
2022-11-02 12:57:51 [log] |  ZTR TO APPLY: 004.
2022-11-02 12:57:51 [log] *---------------------------------------*
2022-11-02 12:57:51 [log] |           FINAL RUN RESULTS           |
2022-11-02 12:57:51 [log] *---------------------------------------*
2022-11-02 12:57:51 [log] |       DATE: 22-01-06
2022-11-02 12:57:51 [log] |       TIME: 11:40:45.82
2022-11-02 12:57:51 [log] |   LATITUDE: 14.7595
2022-11-02 12:57:51 [log] |  LONGITUDE: -91.553
2022-11-02 12:57:51 [log] |      DEPTH: 4.25
2022-11-02 12:57:51 [log] |        RMS: 0.05
2022-11-02 12:57:51 [log] |    AZ. GAP: 305
2022-11-02 12:57:51 [log] |        ERH: 1.5
2022-11-02 12:57:51 [log] |        ERZ: 1.0
2022-11-02 12:57:51 [log] *---------------------------------------*


2022-11-02 12:58:48 [log] *---------------------------------------*
2022-11-02 12:58:48 [log] |           NEW LOCALIZATION            |
2022-11-02 12:58:48 [log] *---------------------------------------*
2022-11-02 12:58:48 [log] | Picklist content
2022-11-02 12:58:48 [log] |  P STG8 a.k.a. SIGS 08:57:00.121
2022-11-02 12:58:48 [log] |  S STG8 a.k.a. SIGS 08:57:00.988
2022-11-02 12:58:48 [log] |  P STG3 a.k.a. CWNB 08:57:00.726
2022-11-02 12:58:48 [log] |  P STG2 a.k.a. SNKR 08:57:01.202
2022-11-02 12:58:48 [log] |  S STG2 a.k.a. SNKR 08:57:02.561
2022-11-02 12:58:48 [log] *---------------------------------------*
2022-11-02 12:58:48 [log] | ITERATION 0 with ZTR fixed at 5km
2022-11-02 12:58:48 [log] |  RMS: 0.04        LAT: 14.75433333
2022-11-02 12:58:48 [log] |  ERH: 1.0         LON: -91.56483333
2022-11-02 12:58:48 [log] |  ERZ: 0.2       DEPTH: 0.63km
2022-11-02 12:58:48 [log] |   ER: 1.0198
2022-11-02 12:58:48 [log] |  ZTR set to 0.63km
2022-11-02 12:58:48 [log] *---------------------------------------*
2022-11-02 12:58:48 [log] | ITERATION 1 with ZTR fixed at 20km
2022-11-02 12:58:48 [log] |  RMS: 0.04        LAT: 14.75433333
2022-11-02 12:58:48 [log] |  ERH: 1.0         LON: -91.56483333
2022-11-02 12:58:48 [log] |  ERZ: 0.2       DEPTH: 0.61km
2022-11-02 12:58:48 [log] |   ER: 1.0198
2022-11-02 12:58:48 [log] *---------------------------------------*
2022-11-02 12:58:48 [log] | ITERATION 2 with ZTR fixed at 40km
2022-11-02 12:58:48 [log] |  RMS: 0.04        LAT: 14.75466667
2022-11-02 12:58:48 [log] |  ERH: 1.0         LON: -91.5645
2022-11-02 12:58:48 [log] |  ERZ: 0.2       DEPTH: 0.62km
2022-11-02 12:58:48 [log] |   ER: 1.0198
2022-11-02 12:58:48 [log] *---------------------------------------*
2022-11-02 12:58:48 [log] | ITERATION 3 with ZTR fixed at 60km
2022-11-02 12:58:48 [log] |  RMS: 0.04        LAT: 14.75433333
2022-11-02 12:58:48 [log] |  ERH: 1.0         LON: -91.56466667
2022-11-02 12:58:48 [log] |  ERZ: 0.2       DEPTH: 0.61km
2022-11-02 12:58:48 [log] |   ER: 1.0198
2022-11-02 12:58:48 [log] *---------------------------------------*
2022-11-02 12:58:48 [log] | ITERATION 4 with ZTR fixed at 80km
2022-11-02 12:58:48 [log] |  RMS: 0.04        LAT: 14.75433333
2022-11-02 12:58:48 [log] |  ERH: 1.0         LON: -91.56483333
2022-11-02 12:58:48 [log] |  ERZ: 0.2       DEPTH: 0.61km
2022-11-02 12:58:48 [log] |   ER: 1.0198
2022-11-02 12:58:48 [log] *---------------------------------------*
2022-11-02 12:58:48 [log] | ITERATION 5 with ZTR fixed at 100km
2022-11-02 12:58:48 [log] |  RMS: 0.04        LAT: 14.75416667
2022-11-02 12:58:48 [log] |  ERH: 1.0         LON: -91.565
2022-11-02 12:58:48 [log] |  ERZ: 0.2       DEPTH: 0.62km
2022-11-02 12:58:48 [log] |   ER: 1.0198
2022-11-02 12:58:48 [log] *---------------------------------------*
2022-11-02 12:58:48 [log] | ITERATION 6 with ZTR fixed at 150km
2022-11-02 12:58:48 [log] |  RMS: 0.04        LAT: 14.75333333
2022-11-02 12:58:48 [log] |  ERH: 1.0         LON: -91.5655
2022-11-02 12:58:48 [log] |  ERZ: 0.2       DEPTH: 0.62km
2022-11-02 12:58:48 [log] |   ER: 1.0198
2022-11-02 12:58:48 [log] *---------------------------------------*
2022-11-02 12:58:48 [log] | ITERATION 7 with ZTR fixed at 200km
2022-11-02 12:58:48 [log] |  RMS: 0.04        LAT: 14.753
2022-11-02 12:58:48 [log] |  ERH: 1.0         LON: -91.56616667
2022-11-02 12:58:48 [log] |  ERZ: 0.2       DEPTH: 0.60km
2022-11-02 12:58:48 [log] |   ER: 1.0198
2022-11-02 12:58:48 [log] *---------------------------------------*
2022-11-02 12:58:48 [log] |           ITERATIONS RESULTS          |
2022-11-02 12:58:48 [log] *---------------------------------------*
2022-11-02 12:58:48 [log] | MIN RMS VALUE: 0.04
2022-11-02 12:58:48 [log] |  MIN ER VALUE: 1.0198
2022-11-02 12:58:48 [log] |  ZTR TO APPLY: 001.
2022-11-02 12:58:48 [log] *---------------------------------------*
2022-11-02 12:58:48 [log] |           FINAL RUN RESULTS           |
2022-11-02 12:58:48 [log] *---------------------------------------*
2022-11-02 12:58:48 [log] |       DATE: 22-03-04
2022-11-02 12:58:48 [log] |       TIME: 8:56:59.23
2022-11-02 12:58:48 [log] |   LATITUDE: 14.75433333
2022-11-02 12:58:48 [log] |  LONGITUDE: -91.56483333
2022-11-02 12:58:48 [log] |      DEPTH: 0.63
2022-11-02 12:58:48 [log] |        RMS: 0.04
2022-11-02 12:58:48 [log] |    AZ. GAP: 288
2022-11-02 12:58:48 [log] |        ERH: 1.0
2022-11-02 12:58:48 [log] |        ERZ: 0.2
2022-11-02 12:58:48 [log] *---------------------------------------*


2022-11-02 13:00:23 [log] *---------------------------------------*
2022-11-02 13:00:23 [log] |           NEW LOCALIZATION            |
2022-11-02 13:00:23 [log] *---------------------------------------*
2022-11-02 13:00:23 [log] | Picklist content
2022-11-02 13:00:23 [log] |  P STG8 a.k.a. GAAW 08:57:00.121
2022-11-02 13:00:23 [log] |  S STG8 a.k.a. GAAW 08:57:00.988
2022-11-02 13:00:23 [log] |  P STG3 a.k.a. OAKC 08:57:00.726
2022-11-02 13:00:23 [log] |  P STG2 a.k.a. WTBF 08:57:01.202
2022-11-02 13:00:23 [log] |  S STG2 a.k.a. WTBF 08:57:02.561
2022-11-02 13:00:23 [log] *---------------------------------------*
2022-11-02 13:00:23 [log] | ITERATION 0 with ZTR fixed at 5km
2022-11-02 13:00:23 [log] |  RMS: 0.04        LAT: 14.75433333
2022-11-02 13:00:23 [log] |  ERH: 1.0         LON: -91.56483333
2022-11-02 13:00:23 [log] |  ERZ: 0.2       DEPTH: 0.63km
2022-11-02 13:00:23 [log] |   ER: 1.0198
2022-11-02 13:00:23 [log] |  ZTR set to 0.63km
2022-11-02 13:00:23 [log] *---------------------------------------*
2022-11-02 13:00:23 [log] | ITERATION 1 with ZTR fixed at 20km
2022-11-02 13:00:23 [log] |  RMS: 0.04        LAT: 14.75433333
2022-11-02 13:00:23 [log] |  ERH: 1.0         LON: -91.56483333
2022-11-02 13:00:23 [log] |  ERZ: 0.2       DEPTH: 0.61km
2022-11-02 13:00:23 [log] |   ER: 1.0198
2022-11-02 13:00:23 [log] *---------------------------------------*
2022-11-02 13:00:23 [log] | ITERATION 2 with ZTR fixed at 40km
2022-11-02 13:00:23 [log] |  RMS: 0.04        LAT: 14.75466667
2022-11-02 13:00:23 [log] |  ERH: 1.0         LON: -91.5645
2022-11-02 13:00:23 [log] |  ERZ: 0.2       DEPTH: 0.62km
2022-11-02 13:00:23 [log] |   ER: 1.0198
2022-11-02 13:00:23 [log] *---------------------------------------*
2022-11-02 13:00:23 [log] | ITERATION 3 with ZTR fixed at 60km
2022-11-02 13:00:23 [log] |  RMS: 0.04        LAT: 14.75433333
2022-11-02 13:00:23 [log] |  ERH: 1.0         LON: -91.56466667
2022-11-02 13:00:23 [log] |  ERZ: 0.2       DEPTH: 0.61km
2022-11-02 13:00:23 [log] |   ER: 1.0198
2022-11-02 13:00:23 [log] *---------------------------------------*
2022-11-02 13:00:23 [log] | ITERATION 4 with ZTR fixed at 80km
2022-11-02 13:00:23 [log] |  RMS: 0.04        LAT: 14.75433333
2022-11-02 13:00:23 [log] |  ERH: 1.0         LON: -91.56483333
2022-11-02 13:00:23 [log] |  ERZ: 0.2       DEPTH: 0.61km
2022-11-02 13:00:23 [log] |   ER: 1.0198
2022-11-02 13:00:23 [log] *---------------------------------------*
2022-11-02 13:00:23 [log] | ITERATION 5 with ZTR fixed at 100km
2022-11-02 13:00:23 [log] |  RMS: 0.04        LAT: 14.75416667
2022-11-02 13:00:23 [log] |  ERH: 1.0         LON: -91.565
2022-11-02 13:00:23 [log] |  ERZ: 0.2       DEPTH: 0.62km
2022-11-02 13:00:23 [log] |   ER: 1.0198
2022-11-02 13:00:23 [log] *---------------------------------------*
2022-11-02 13:00:23 [log] | ITERATION 6 with ZTR fixed at 150km
2022-11-02 13:00:23 [log] |  RMS: 0.04        LAT: 14.75333333
2022-11-02 13:00:23 [log] |  ERH: 1.0         LON: -91.5655
2022-11-02 13:00:23 [log] |  ERZ: 0.2       DEPTH: 0.62km
2022-11-02 13:00:23 [log] |   ER: 1.0198
2022-11-02 13:00:23 [log] *---------------------------------------*
2022-11-02 13:00:23 [log] | ITERATION 7 with ZTR fixed at 200km
2022-11-02 13:00:23 [log] |  RMS: 0.04        LAT: 14.753
2022-11-02 13:00:23 [log] |  ERH: 1.0         LON: -91.56616667
2022-11-02 13:00:23 [log] |  ERZ: 0.2       DEPTH: 0.60km
2022-11-02 13:00:23 [log] |   ER: 1.0198
2022-11-02 13:00:23 [log] *---------------------------------------*
2022-11-02 13:00:23 [log] |           ITERATIONS RESULTS          |
2022-11-02 13:00:23 [log] *---------------------------------------*
2022-11-02 13:00:23 [log] | MIN RMS VALUE: 0.04
2022-11-02 13:00:23 [log] |  MIN ER VALUE: 1.0198
2022-11-02 13:00:23 [log] |  ZTR TO APPLY: 001.
2022-11-02 13:00:23 [log] *---------------------------------------*
2022-11-02 13:00:23 [log] |           FINAL RUN RESULTS           |
2022-11-02 13:00:23 [log] *---------------------------------------*
2022-11-02 13:00:23 [log] |       DATE: 22-03-04
2022-11-02 13:00:23 [log] |       TIME: 8:56:59.23
2022-11-02 13:00:23 [log] |   LATITUDE: 14.75433333
2022-11-02 13:00:23 [log] |  LONGITUDE: -91.56483333
2022-11-02 13:00:23 [log] |      DEPTH: 0.63
2022-11-02 13:00:23 [log] |        RMS: 0.04
2022-11-02 13:00:23 [log] |    AZ. GAP: 288
2022-11-02 13:00:23 [log] |        ERH: 1.0
2022-11-02 13:00:23 [log] |        ERZ: 0.2
2022-11-02 13:00:23 [log] *---------------------------------------*
