

 Input date file   --> HYPO71.INP    
 Output print file --> HYPO71.PRT    
 Output punch file --> HYPO71.OUT    
 Output resum file --> HYPO71.RES    
 Input milieu file -->               
 Ouput reloc  file -->               

1
                                                                                        
 STANDARD 
   1   0.1000   2  10.0000   3   2.0000   4   0.0500   5   5.0000
   6   4.0000   7  -0.8700   8   2.0000   9   0.0035  10 100.0000
  11   8.0000  12   0.5000  13   1.0000  14   0.0000  15   0.0000
  16   0.0000  17   0.0000  18   0.0000  19   0.0000  20   1.0000
 RESET TO 
   1   0.1000   2 500.0000   3   0.2000   4   0.0100   5   5.0000
   6   4.0000   7  -0.8700   8   2.0000   9   0.0035  10   2.0000
  11  99.0000  12   0.5000  13   2.0000  14   0.0000  15  -2.0000
  16   0.0000  17   0.0000  18   0.0000  19   0.0000  20   1.0000

    L     STN     LAT     LONG    ELV DELAY     FMGC  XMGC KL  PRR  CALR IC      DATE HRMN  dt
    1    GAAW 1445.02N  9135.10W 1949  0.00     0.00   0.00 0 0.00   0.00 0          0   0  0.00
    2    OAKC 1442.65N  9134.21W 1430  0.00     0.00   0.00 0 0.00   0.00 0          0   0  0.00
    3    WTBF 1443.68N  9137.54W  885  0.00     0.00   0.00 0 0.00   0.00 0          0   0  0.00



       CRUSTAL MODEL 1
     VELOCITY     DEPTH
        3.500     0.000
        5.000     1.000
        6.000     6.000
        6.800    13.000
        8.000    35.000
        8.260   200.000
        8.500   300.000



 KS Z XNEAR XFAR  POS   IQ  KMS  KFM IPUN IMAG   IR IPRN CODE   LATR      LONR
 0  1. 300.1500. 1.78    2    0    0    1    0    0    000100   0  0.00   0  0.00






  DATE    ORIGIN    LAT N    LONG W    DEPTH    MAG NO DM GAP M  RMS  ERH  ERZ Q SQD  ADJ IN NR  AVR  AAR NM AVXM SDXM NF AVFM SDFM I
 220304  856 59.23 14-45.26  91-33.89   0.63         5  2 288 1 0.04  1.0  0.2 C B|D 0.26 10  5 0.00 0.03  0  0.0  0.0  0  0.0  0.0 6

  STN  DIST AZM AIN PRMK HRMN P-SEC TPOBS TPCAL DLY/H1 P-RES P-WT AMX PRX CALX K XMAG RMK FMP FMAG SRMK S-SEC TSOBS S-RES  S-WT    DT
 GAAW   2.2 259 139 EP 0  857  0.12  0.89  0.97  0.00 -0.08  0.62   0  0  0.00 0                   ES 0  0.99  1.76  0.03   0.6            
 OAKC   4.8 187 113 EP 0  857  0.73  1.50  1.50  0.00  0.00  2.50   0  0  0.00 0                                                           
 WTBF   7.2 246  44 EP 0  857  1.20  1.97  1.89  0.00  0.08  0.62   0  0  0.00 0                   ES 0  2.56  3.33 -0.04   0.6            
1 ***** CLASS:     A     B     C     D TOTAL *****

       NUMBER:   0.0   0.0   1.0   0.0   1.0

            %:   0.0   0.0 100.0   0.0



          TRAVELTIME RESIDUALS (MODEL=1)     TRAVELTIME RESIDUALS (MODEL=2)     X-MAGNITUDE RESIDUALS      F-MAGNITUDE RESIDUALS
 STATION   NRES    SRWT   AVRES   SDRES       NRES    SRWT   AVRES   SDRES        NXM    AVXM    SDXM        NFM    AVFM    SDFM
    GAAW      0    0.00    0.00    0.00          0    0.00    0.00    0.00          0    0.00    0.00          0    0.00    0.00
    OAKC      0    0.00    0.00    0.00          0    0.00    0.00    0.00          0    0.00    0.00          0    0.00    0.00
    WTBF      0    0.00    0.00    0.00          0    0.00    0.00    0.00          0    0.00    0.00          0    0.00    0.00
